c:\users\dzz\beagle\vcproj\beagle_runtime\debug\vc141.pdb
c:\users\dzz\beagle\vcproj\beagle_runtime\debug\vc141.idb
c:\users\dzz\beagle\vcproj\beagle_runtime\debug\load_snd.obj
c:\users\dzz\beagle\vcproj\beagle_runtime\debug\hf_timer.obj
c:\users\dzz\beagle\vcproj\beagle_runtime\debug\hw_run_vars.obj
c:\users\dzz\beagle\vcproj\beagle_runtime\debug\files.obj
c:\users\dzz\beagle\vcproj\beagle_runtime\debug\log.obj
c:\users\dzz\beagle\vcproj\beagle_runtime\debug\colors.obj
c:\users\dzz\beagle\vcproj\beagle_runtime\debug\drawingsurfaces.obj
c:\users\dzz\beagle\vcproj\beagle_runtime\debug\glxw.obj
c:\users\dzz\beagle\vcproj\beagle_runtime\debug\gamepad.obj
c:\users\dzz\beagle\vcproj\beagle_runtime\debug\blend_control.obj
c:\users\dzz\beagle\vcproj\beagle_runtime\debug\context.obj
c:\users\dzz\beagle\vcproj\beagle_runtime\debug\framebuffer.obj
c:\users\dzz\beagle\vcproj\beagle_runtime\debug\label.obj
c:\users\dzz\beagle\vcproj\beagle_runtime\debug\misc.obj
c:\users\dzz\beagle\vcproj\beagle_runtime\debug\primitive.obj
c:\users\dzz\beagle\vcproj\beagle_runtime\debug\rect.obj
c:\users\dzz\beagle\vcproj\beagle_runtime\debug\render_test.obj
c:\users\dzz\beagle\vcproj\beagle_runtime\debug\shader.obj
c:\users\dzz\beagle\vcproj\beagle_runtime\debug\text.obj
c:\users\dzz\beagle\vcproj\beagle_runtime\debug\texture.obj
c:\users\dzz\beagle\vcproj\beagle_runtime\debug\dirty.obj
c:\users\dzz\beagle\vcproj\beagle_runtime\debug\extended_video.obj
c:\users\dzz\beagle\vcproj\beagle_runtime\debug\beagle.obj
c:\users\dzz\beagle\vcproj\beagle_runtime\debug\beagle_host.obj
c:\users\dzz\beagle\vcproj\beagle_runtime\debug\audio.obj
c:\users\dzz\beagle\vcproj\beagle_runtime\debug\beagle_runtime.pdb
c:\users\dzz\beagle\vcproj\beagle_runtime\debug\beagle_runtime.tlog\cl.command.1.tlog
c:\users\dzz\beagle\vcproj\beagle_runtime\debug\beagle_runtime.tlog\cl.read.1.tlog
c:\users\dzz\beagle\vcproj\beagle_runtime\debug\beagle_runtime.tlog\cl.write.1.tlog
c:\users\dzz\beagle\vcproj\beagle_runtime\debug\beagle_runtime.tlog\link-cvtres.read.1.tlog
c:\users\dzz\beagle\vcproj\beagle_runtime\debug\beagle_runtime.tlog\link-cvtres.write.1.tlog
c:\users\dzz\beagle\vcproj\beagle_runtime\debug\beagle_runtime.tlog\link-rc.read.1.tlog
c:\users\dzz\beagle\vcproj\beagle_runtime\debug\beagle_runtime.tlog\link-rc.write.1.tlog
c:\users\dzz\beagle\vcproj\beagle_runtime\debug\beagle_runtime.tlog\link.command.1.tlog
c:\users\dzz\beagle\vcproj\beagle_runtime\debug\beagle_runtime.tlog\link.read.1.tlog
c:\users\dzz\beagle\vcproj\beagle_runtime\debug\beagle_runtime.tlog\link.write.1.tlog
