c:\users\dzz\beagle\vcproj\beagle_runtime\x64\debug\beagle_runtime.lib
c:\users\dzz\beagle\vcproj\beagle_runtime\x64\debug\beagle_runtime.exp
c:\users\dzz\beagle\vcproj\beagle_runtime\x64\debug\vc141.pdb
c:\users\dzz\beagle\vcproj\beagle_runtime\x64\debug\vc141.idb
c:\users\dzz\beagle\vcproj\beagle_runtime\x64\debug\load_snd.obj
c:\users\dzz\beagle\vcproj\beagle_runtime\x64\debug\gamepad.obj
c:\users\dzz\beagle\vcproj\beagle_runtime\x64\debug\hf_timer.obj
c:\users\dzz\beagle\vcproj\beagle_runtime\x64\debug\hw_run_vars.obj
c:\users\dzz\beagle\vcproj\beagle_runtime\x64\debug\blend_control.obj
c:\users\dzz\beagle\vcproj\beagle_runtime\x64\debug\context.obj
c:\users\dzz\beagle\vcproj\beagle_runtime\x64\debug\framebuffer.obj
c:\users\dzz\beagle\vcproj\beagle_runtime\x64\debug\label.obj
c:\users\dzz\beagle\vcproj\beagle_runtime\x64\debug\misc.obj
c:\users\dzz\beagle\vcproj\beagle_runtime\x64\debug\primitive.obj
c:\users\dzz\beagle\vcproj\beagle_runtime\x64\debug\rect.obj
c:\users\dzz\beagle\vcproj\beagle_runtime\x64\debug\render_test.obj
c:\users\dzz\beagle\vcproj\beagle_runtime\x64\debug\shader.obj
c:\users\dzz\beagle\vcproj\beagle_runtime\x64\debug\text.obj
c:\users\dzz\beagle\vcproj\beagle_runtime\x64\debug\texture.obj
c:\users\dzz\beagle\vcproj\beagle_runtime\x64\debug\thread.obj
c:\users\dzz\beagle\vcproj\beagle_runtime\x64\debug\dirty.obj
c:\users\dzz\beagle\vcproj\beagle_runtime\x64\debug\extended_video.obj
c:\users\dzz\beagle\vcproj\beagle_runtime\x64\debug\files.obj
c:\users\dzz\beagle\vcproj\beagle_runtime\x64\debug\log.obj
c:\users\dzz\beagle\vcproj\beagle_runtime\x64\debug\beagle.obj
c:\users\dzz\beagle\vcproj\beagle_runtime\x64\debug\beagle_host.obj
c:\users\dzz\beagle\vcproj\beagle_runtime\x64\debug\colors.obj
c:\users\dzz\beagle\vcproj\beagle_runtime\x64\debug\drawingsurfaces.obj
c:\users\dzz\beagle\vcproj\beagle_runtime\x64\debug\glxw.obj
c:\users\dzz\beagle\vcproj\beagle_runtime\x64\debug\audio.obj
c:\users\dzz\beagle\winx64\beagle_runtime_d.ilk
c:\users\dzz\beagle\winx64\beagle_runtime_d.exe
c:\users\dzz\beagle\vcproj\beagle_runtime\x64\debug\beagle_runtime.pdb
c:\users\dzz\beagle\vcproj\beagle_runtime\x64\debug\beagle_runtime.tlog\beagle_runtime.write.1u.tlog
c:\users\dzz\beagle\vcproj\beagle_runtime\x64\debug\beagle_runtime.tlog\cl.command.1.tlog
c:\users\dzz\beagle\vcproj\beagle_runtime\x64\debug\beagle_runtime.tlog\cl.read.1.tlog
c:\users\dzz\beagle\vcproj\beagle_runtime\x64\debug\beagle_runtime.tlog\cl.write.1.tlog
c:\users\dzz\beagle\vcproj\beagle_runtime\x64\debug\beagle_runtime.tlog\link.command.1.tlog
c:\users\dzz\beagle\vcproj\beagle_runtime\x64\debug\beagle_runtime.tlog\link.read.1.tlog
c:\users\dzz\beagle\vcproj\beagle_runtime\x64\debug\beagle_runtime.tlog\link.write.1.tlog
